  2D_GAME_CORONA19.cpp
C:\Users\s0001097539\Desktop\GitHub\CG\Laboratorio\LAB_02\2D_GAME_CORONA19\2D_GAME_CORONA19\2D_GAME_CORONA19.cpp(57,12): warning C4244: 'initializing': conversion from 'int' to 'float', possible loss of data
C:\Users\s0001097539\Desktop\GitHub\CG\Laboratorio\LAB_02\2D_GAME_CORONA19\2D_GAME_CORONA19\2D_GAME_CORONA19.cpp(58,12): warning C4244: 'initializing': conversion from 'double' to 'float', possible loss of data
C:\Users\s0001097539\Desktop\GitHub\CG\Laboratorio\LAB_02\2D_GAME_CORONA19\2D_GAME_CORONA19\2D_GAME_CORONA19.cpp(99,18): warning C4244: 'initializing': conversion from 'int' to 'float', possible loss of data
C:\Users\s0001097539\Desktop\GitHub\CG\Laboratorio\LAB_02\2D_GAME_CORONA19\2D_GAME_CORONA19\2D_GAME_CORONA19.cpp(159,10): warning C4244: '+=': conversion from 'double' to 'float', possible loss of data
C:\Users\s0001097539\Desktop\GitHub\CG\Laboratorio\LAB_02\2D_GAME_CORONA19\2D_GAME_CORONA19\2D_GAME_CORONA19.cpp(168,10): warning C4244: '=': conversion from 'int' to 'float', possible loss of data
C:\Users\s0001097539\Desktop\GitHub\CG\Laboratorio\LAB_02\2D_GAME_CORONA19\2D_GAME_CORONA19\2D_GAME_CORONA19.cpp(173,33): warning C4244: '=': conversion from 'double' to 'float', possible loss of data
C:\Users\s0001097539\Desktop\GitHub\CG\Laboratorio\LAB_02\2D_GAME_CORONA19\2D_GAME_CORONA19\2D_GAME_CORONA19.cpp(174,58): warning C4244: '=': conversion from 'double' to 'float', possible loss of data
C:\Users\s0001097539\Desktop\GitHub\CG\Laboratorio\LAB_02\2D_GAME_CORONA19\2D_GAME_CORONA19\2D_GAME_CORONA19.cpp(224,27): warning C4305: 'initializing': truncation from 'double' to 'float'
C:\Users\s0001097539\Desktop\GitHub\CG\Laboratorio\LAB_02\2D_GAME_CORONA19\2D_GAME_CORONA19\2D_GAME_CORONA19.cpp(261,14): warning C4244: 'initializing': conversion from 'double' to 'float', possible loss of data
C:\Users\s0001097539\Desktop\GitHub\CG\Laboratorio\LAB_02\2D_GAME_CORONA19\2D_GAME_CORONA19\2D_GAME_CORONA19.cpp(266,24): warning C4244: '=': conversion from 'double' to 'float', possible loss of data
C:\Users\s0001097539\Desktop\GitHub\CG\Laboratorio\LAB_02\2D_GAME_CORONA19\2D_GAME_CORONA19\2D_GAME_CORONA19.cpp(267,24): warning C4244: '=': conversion from 'double' to 'float', possible loss of data
C:\Users\s0001097539\Desktop\GitHub\CG\Laboratorio\LAB_02\2D_GAME_CORONA19\2D_GAME_CORONA19\2D_GAME_CORONA19.cpp(270,28): warning C4244: '=': conversion from 'double' to 'float', possible loss of data
C:\Users\s0001097539\Desktop\GitHub\CG\Laboratorio\LAB_02\2D_GAME_CORONA19\2D_GAME_CORONA19\2D_GAME_CORONA19.cpp(271,28): warning C4244: '=': conversion from 'double' to 'float', possible loss of data
C:\Users\s0001097539\Desktop\GitHub\CG\Laboratorio\LAB_02\2D_GAME_CORONA19\2D_GAME_CORONA19\2D_GAME_CORONA19.cpp(285,18): warning C4305: 'initializing': truncation from 'double' to 'float'
C:\Users\s0001097539\Desktop\GitHub\CG\Laboratorio\LAB_02\2D_GAME_CORONA19\2D_GAME_CORONA19\2D_GAME_CORONA19.cpp(288,14): warning C4244: 'initializing': conversion from 'double' to 'float', possible loss of data
C:\Users\s0001097539\Desktop\GitHub\CG\Laboratorio\LAB_02\2D_GAME_CORONA19\2D_GAME_CORONA19\2D_GAME_CORONA19.cpp(292,24): warning C4244: '=': conversion from 'double' to 'float', possible loss of data
C:\Users\s0001097539\Desktop\GitHub\CG\Laboratorio\LAB_02\2D_GAME_CORONA19\2D_GAME_CORONA19\2D_GAME_CORONA19.cpp(293,24): warning C4244: '=': conversion from 'double' to 'float', possible loss of data
C:\Users\s0001097539\Desktop\GitHub\CG\Laboratorio\LAB_02\2D_GAME_CORONA19\2D_GAME_CORONA19\2D_GAME_CORONA19.cpp(295,28): warning C4244: '=': conversion from 'double' to 'float', possible loss of data
C:\Users\s0001097539\Desktop\GitHub\CG\Laboratorio\LAB_02\2D_GAME_CORONA19\2D_GAME_CORONA19\2D_GAME_CORONA19.cpp(296,28): warning C4244: '=': conversion from 'double' to 'float', possible loss of data
C:\Users\s0001097539\Desktop\GitHub\CG\Laboratorio\LAB_02\2D_GAME_CORONA19\2D_GAME_CORONA19\2D_GAME_CORONA19.cpp(312,100): warning C4305: 'argument': truncation from 'double' to 'float'
C:\Users\s0001097539\Desktop\GitHub\CG\Laboratorio\LAB_02\2D_GAME_CORONA19\2D_GAME_CORONA19\2D_GAME_CORONA19.cpp(307,15): warning C4101: 'v_Oblo': unreferenced local variable
C:\Users\s0001097539\Desktop\GitHub\CG\Laboratorio\LAB_02\2D_GAME_CORONA19\2D_GAME_CORONA19\2D_GAME_CORONA19.cpp(363,81): warning C4305: 'argument': truncation from 'double' to 'float'
C:\Users\s0001097539\Desktop\GitHub\CG\Laboratorio\LAB_02\2D_GAME_CORONA19\2D_GAME_CORONA19\2D_GAME_CORONA19.cpp(367,80): warning C4305: 'argument': truncation from 'double' to 'float'
C:\Users\s0001097539\Desktop\GitHub\CG\Laboratorio\LAB_02\2D_GAME_CORONA19\2D_GAME_CORONA19\2D_GAME_CORONA19.cpp(412,33): warning C4244: 'argument': conversion from 'int' to 'float', possible loss of data
C:\Users\s0001097539\Desktop\GitHub\CG\Laboratorio\LAB_02\2D_GAME_CORONA19\2D_GAME_CORONA19\2D_GAME_CORONA19.cpp(412,26): warning C4244: 'argument': conversion from 'int' to 'float', possible loss of data
  ShaderMaker.cpp
  Generating Code...
  2D_GAME_CORONA19.vcxproj -> C:\Users\s0001097539\Desktop\GitHub\CG\Laboratorio\LAB_02\2D_GAME_CORONA19\x64\Debug\2D_GAME_CORONA19.exe
