  boundingbox.cpp
  camera.cpp
C:\Users\stint\Desktop\CG\Laboratorio\LAB_04\LAB_04\camera.cpp(41,19): warning C4244: 'initializing': conversion from 'double' to 'float', possible loss of data
C:\Users\stint\Desktop\CG\Laboratorio\LAB_04\LAB_04\camera.cpp(69,25): warning C4305: 'argument': truncation from 'double' to 'float'
C:\Users\stint\Desktop\CG\Laboratorio\LAB_04\LAB_04\camera.cpp(80,29): warning C4305: 'argument': truncation from 'double' to 'float'
C:\Users\stint\Desktop\CG\Laboratorio\LAB_04\LAB_04\camera.cpp(93,24): warning C4244: 'argument': conversion from 'double' to 'float', possible loss of data
C:\Users\stint\Desktop\CG\Laboratorio\LAB_04\LAB_04\camera.cpp(109,17): warning C4244: '=': conversion from 'double' to 'float', possible loss of data
C:\Users\stint\Desktop\CG\Laboratorio\LAB_04\LAB_04\camera.cpp(111,17): warning C4244: '=': conversion from 'double' to 'float', possible loss of data
C:\Users\stint\Desktop\CG\Laboratorio\LAB_04\LAB_04\camera.cpp(130,22): warning C4244: 'initializing': conversion from 'double' to 'float', possible loss of data
  edge.cpp
  face.cpp
  glCanvas.cpp
C:\Users\stint\Desktop\CG\Laboratorio\LAB_04\LAB_04\mesh.h(37,1): warning C4267: 'return': conversion from 'size_t' to 'int', possible loss of data
C:\Users\stint\Desktop\CG\Laboratorio\LAB_04\LAB_04\mesh.h(71,1): warning C4267: 'return': conversion from 'size_t' to 'int', possible loss of data
C:\Users\stint\Desktop\CG\Laboratorio\LAB_04\LAB_04\mesh.h(91,1): warning C4267: 'return': conversion from 'size_t' to 'int', possible loss of data
C:\Users\stint\Desktop\CG\Laboratorio\LAB_04\LAB_04\glCanvas.cpp(49,17): warning C4244: 'initializing': conversion from 'double' to 'float', possible loss of data
C:\Users\stint\Desktop\CG\Laboratorio\LAB_04\LAB_04\glCanvas.cpp(52,93): warning C4305: 'argument': truncation from 'double' to 'float'
C:\Users\stint\Desktop\CG\Laboratorio\LAB_04\LAB_04\glCanvas.cpp(70,40): warning C4305: 'argument': truncation from 'double' to 'float'
C:\Users\stint\Desktop\CG\Laboratorio\LAB_04\LAB_04\glCanvas.cpp(105,45): warning C4305: 'initializing': truncation from 'double' to 'GLfloat'
C:\Users\stint\Desktop\CG\Laboratorio\LAB_04\LAB_04\glCanvas.cpp(123,43): warning C4305: 'initializing': truncation from 'double' to 'float'
C:\Users\stint\Desktop\CG\Laboratorio\LAB_04\LAB_04\glCanvas.cpp(207,52): warning C4244: 'argument': conversion from 'double' to 'float', possible loss of data
C:\Users\stint\Desktop\CG\Laboratorio\LAB_04\LAB_04\glCanvas.cpp(207,30): warning C4244: 'argument': conversion from 'double' to 'float', possible loss of data
C:\Users\stint\Desktop\CG\Laboratorio\LAB_04\LAB_04\glCanvas.cpp(215,56): warning C4244: 'argument': conversion from 'double' to 'float', possible loss of data
C:\Users\stint\Desktop\CG\Laboratorio\LAB_04\LAB_04\glCanvas.cpp(215,36): warning C4244: 'argument': conversion from 'double' to 'float', possible loss of data
C:\Users\stint\Desktop\CG\Laboratorio\LAB_04\LAB_04\glCanvas.cpp(225,31): warning C4244: 'argument': conversion from 'int' to 'float', possible loss of data
C:\Users\stint\Desktop\CG\Laboratorio\LAB_04\LAB_04\glCanvas.cpp(229,32): warning C4244: 'argument': conversion from 'int' to 'float', possible loss of data
C:\Users\stint\Desktop\CG\Laboratorio\LAB_04\LAB_04\glCanvas.cpp(276,17): warning C4244: 'argument': conversion from 'int' to 'float', possible loss of data
C:\Users\stint\Desktop\CG\Laboratorio\LAB_04\LAB_04\glCanvas.cpp(276,14): warning C4244: 'argument': conversion from 'int' to 'float', possible loss of data
C:\Users\stint\Desktop\CG\Laboratorio\LAB_04\LAB_04\glCanvas.cpp(385,11): warning C4244: 'initializing': conversion from 'double' to 'float', possible loss of data
C:\Users\stint\Desktop\CG\Laboratorio\LAB_04\LAB_04\glCanvas.cpp(386,11): warning C4244: 'initializing': conversion from 'double' to 'float', possible loss of data
C:\Users\stint\Desktop\CG\Laboratorio\LAB_04\LAB_04\glCanvas.cpp(418,15): warning C4244: 'argument': conversion from 'int' to 'GLfloat', possible loss of data
C:\Users\stint\Desktop\CG\Laboratorio\LAB_04\LAB_04\glCanvas.cpp(423,41): warning C4244: 'argument': conversion from 'int' to 'float', possible loss of data
C:\Users\stint\Desktop\CG\Laboratorio\LAB_04\LAB_04\glCanvas.cpp(423,27): warning C4244: 'argument': conversion from 'int' to 'float', possible loss of data
C:\Users\stint\Desktop\CG\Laboratorio\LAB_04\LAB_04\glCanvas.cpp(463,15): warning C4244: 'argument': conversion from 'int' to 'GLfloat', possible loss of data
  LAB_04_students.cpp
C:\Users\stint\Desktop\CG\Laboratorio\LAB_04\LAB_04\mesh.h(37,1): warning C4267: 'return': conversion from 'size_t' to 'int', possible loss of data
C:\Users\stint\Desktop\CG\Laboratorio\LAB_04\LAB_04\mesh.h(71,1): warning C4267: 'return': conversion from 'size_t' to 'int', possible loss of data
C:\Users\stint\Desktop\CG\Laboratorio\LAB_04\LAB_04\mesh.h(91,1): warning C4267: 'return': conversion from 'size_t' to 'int', possible loss of data
  material.cpp
  matrix.cpp
  mesh.cpp
C:\Users\stint\Desktop\CG\Laboratorio\LAB_04\LAB_04\mesh.h(37,1): warning C4267: 'return': conversion from 'size_t' to 'int', possible loss of data
C:\Users\stint\Desktop\CG\Laboratorio\LAB_04\LAB_04\mesh.h(71,1): warning C4267: 'return': conversion from 'size_t' to 'int', possible loss of data
C:\Users\stint\Desktop\CG\Laboratorio\LAB_04\LAB_04\mesh.h(91,1): warning C4267: 'return': conversion from 'size_t' to 'int', possible loss of data
C:\Users\stint\Desktop\CG\Laboratorio\LAB_04\LAB_04\mesh.cpp(60,15): warning C4244: 'initializing': conversion from 'double' to 'float', possible loss of data
C:\Users\stint\Desktop\CG\Laboratorio\LAB_04\LAB_04\mesh.cpp(61,11): warning C4244: 'initializing': conversion from 'double' to 'float', possible loss of data
C:\Users\stint\Desktop\CG\Laboratorio\LAB_04\LAB_04\mesh.cpp(85,32): warning C4267: 'initializing': conversion from 'size_t' to 'int', possible loss of data
C:\Users\stint\Desktop\CG\Laboratorio\LAB_04\LAB_04\mesh.cpp(292,31): warning C4267: 'initializing': conversion from 'size_t' to 'int', possible loss of data
  radiosity.cpp
C:\Users\stint\Desktop\CG\Laboratorio\LAB_04\LAB_04\mesh.h(37,1): warning C4267: 'return': conversion from 'size_t' to 'int', possible loss of data
C:\Users\stint\Desktop\CG\Laboratorio\LAB_04\LAB_04\mesh.h(71,1): warning C4267: 'return': conversion from 'size_t' to 'int', possible loss of data
C:\Users\stint\Desktop\CG\Laboratorio\LAB_04\LAB_04\mesh.h(91,1): warning C4267: 'return': conversion from 'size_t' to 'int', possible loss of data
C:\Users\stint\Desktop\CG\Laboratorio\LAB_04\LAB_04\radiosity.cpp(176,14): warning C4244: 'initializing': conversion from 'double' to 'float', possible loss of data
C:\Users\stint\Desktop\CG\Laboratorio\LAB_04\LAB_04\radiosity.cpp(262,28): warning C4305: 'argument': truncation from 'double' to 'GLfloat'
  raytracer_students.cpp
C:\Users\stint\Desktop\CG\Laboratorio\LAB_04\LAB_04\mesh.h(37,1): warning C4267: 'return': conversion from 'size_t' to 'int', possible loss of data
C:\Users\stint\Desktop\CG\Laboratorio\LAB_04\LAB_04\mesh.h(71,1): warning C4267: 'return': conversion from 'size_t' to 'int', possible loss of data
C:\Users\stint\Desktop\CG\Laboratorio\LAB_04\LAB_04\mesh.h(91,1): warning C4267: 'return': conversion from 'size_t' to 'int', possible loss of data
C:\Users\stint\Desktop\CG\Laboratorio\LAB_04\LAB_04\raytracer_students.cpp(127,45): warning C4267: 'initializing': conversion from 'size_t' to 'int', possible loss of data
C:\Users\stint\Desktop\CG\Laboratorio\LAB_04\LAB_04\raytracer_students.cpp(157,68): warning C4305: 'argument': truncation from 'double' to 'float'
  raytree.cpp
C:\Users\stint\Desktop\CG\Laboratorio\LAB_04\LAB_04\raytree.cpp(47,41): warning C4305: 'argument': truncation from 'double' to 'float'
C:\Users\stint\Desktop\CG\Laboratorio\LAB_04\LAB_04\raytree.cpp(47,69): warning C4305: 'argument': truncation from 'double' to 'float'
C:\Users\stint\Desktop\CG\Laboratorio\LAB_04\LAB_04\raytree.cpp(47,97): warning C4305: 'argument': truncation from 'double' to 'float'
C:\Users\stint\Desktop\CG\Laboratorio\LAB_04\LAB_04\raytree.cpp(47,125): warning C4305: 'argument': truncation from 'double' to 'float'
C:\Users\stint\Desktop\CG\Laboratorio\LAB_04\LAB_04\raytree.cpp(52,41): warning C4305: 'argument': truncation from 'double' to 'float'
C:\Users\stint\Desktop\CG\Laboratorio\LAB_04\LAB_04\raytree.cpp(52,69): warning C4305: 'argument': truncation from 'double' to 'float'
C:\Users\stint\Desktop\CG\Laboratorio\LAB_04\LAB_04\raytree.cpp(52,97): warning C4305: 'argument': truncation from 'double' to 'float'
C:\Users\stint\Desktop\CG\Laboratorio\LAB_04\LAB_04\raytree.cpp(52,125): warning C4305: 'argument': truncation from 'double' to 'float'
  sphere.cpp
  Generating Code...
C:\Users\stint\Desktop\CG\Laboratorio\LAB_04\LAB_04\face.h(52): warning C4715: 'Face::operator[]': not all control paths return a value
C:\Users\stint\Desktop\CG\Laboratorio\LAB_04\LAB_04\radiosity.cpp(184): warning C4715: 'Radiosity::whichVisualization': not all control paths return a value
C:\Users\stint\Desktop\CG\Laboratorio\LAB_04\LAB_04\face.h(52): warning C4715: 'Face::operator[]': not all control paths return a value
C:\Users\stint\Desktop\CG\Laboratorio\LAB_04\LAB_04\edge.h(58): warning C4715: 'Edge::operator[]': not all control paths return a value
C:\Users\stint\Desktop\CG\Laboratorio\LAB_04\LAB_04\face.h(52): warning C4715: 'Face::operator[]': not all control paths return a value
C:\Users\stint\Desktop\CG\Laboratorio\LAB_04\LAB_04\face.h(52): warning C4715: 'Face::operator[]': not all control paths return a value
C:\Users\stint\Desktop\CG\Laboratorio\LAB_04\LAB_04\edge.h(58): warning C4715: 'Edge::operator[]': not all control paths return a value
  LAB_04.vcxproj -> C:\Users\stint\Desktop\CG\Laboratorio\LAB_04\x64\Debug\LAB_04.exe
